[   12198ms] [WARNING] [Warning] Please install/enable Redux devtools extension @ https://frontend-assets.supabase.com/studio/3d4459ef984e/_next/static/chunks/f5d1246c2a276902.js?dpl=dpl_25errc1ym7WeHZYUB5BddrRBHvX2:5
[   14117ms] [ERROR] Connecting to 'https://analytics.google.com/g/collect?a=adblocker_check' violates the following Content Security Policy directive: "default-src 'self' https://api.supabase.com http://localhost:8000 https://auth.supabase.io ws://localhost:8000 wss://localhost:8000 https://*.supabase.co wss://*.supabase.co https://*.hcaptcha.com https://cdn-global.configcat.com https://configcat.supabase.com https://*.stripe.com https://*.stripe.network https://www.cloudflare.com https://*.vercel-insights.com https://api.github.com https://raw.githubusercontent.com https://frontend-assets.supabase.com https://*.usercentrics.eu https://ss.supabase.com https://maps.googleapis.com https://ph.supabase.com https://cdnjs.cloudflare.com wss://*.pusher.com https://*.ingest.sentry.io https://*.ingest.us.sentry.io https://*.ingest.de.sentry.io". Note that 'connect-src' was not explicitly set, so 'default-src' is used as a fallback. The action has been blocked. @ https://frontend-assets.supabase.com/studio/3d4459ef984e/_next/static/chunks/f5d1246c2a276902.js?dpl=dpl_25errc1ym7WeHZYUB5BddrRBHvX2:5
[   14117ms] [ERROR] Fetch API cannot load https://analytics.google.com/g/collect?a=adblocker_check. Refused to connect because it violates the document's Content Security Policy. @ https://frontend-assets.supabase.com/studio/3d4459ef984e/_next/static/chunks/f5d1246c2a276902.js?dpl=dpl_25errc1ym7WeHZYUB5BddrRBHvX2:5
[   20934ms] [ERROR] Failed to load resource: the server responded with a status of 401 () @ https://api.supabase.com/platform/projects/_/config/storage:0
[   20942ms] [ERROR] Failed to load resource: the server responded with a status of 401 () @ https://api.supabase.com/platform/auth/_/config:0
[   44577ms] Uncaught Error: Minified React error #425; visit https://reactjs.org/docs/error-decoder.html?invariant=425 for the full message or use the non-minified dev environment for full errors and additional helpful warnings.
    at rh (https://frontend-assets.supabase.com/studio/3d4459ef984e/_next/static/chunks/b19069f5770f95c9.js?dpl=dpl_25errc1ym7WeHZYUB5BddrRBHvX2:1:44173)
    at <anonymous> (https://frontend-assets.supabase.com/studio/3d4459ef984e/_next/static/chunks/b19069f5770f95c9.js?dpl=dpl_25errc1ym7WeHZYUB5BddrRBHvX2:1:104546)
    at oO (https://frontend-assets.supabase.com/studio/3d4459ef984e/_next/static/chunks/b19069f5770f95c9.js?dpl=dpl_25errc1ym7WeHZYUB5BddrRBHvX2:1:110054)
    at oD (https://frontend-assets.supabase.com/studio/3d4459ef984e/_next/static/chunks/b19069f5770f95c9.js?dpl=dpl_25errc1ym7WeHZYUB5BddrRBHvX2:1:103005)
    at oR (https://frontend-assets.supabase.com/studio/3d4459ef984e/_next/static/chunks/b19069f5770f95c9.js?dpl=dpl_25errc1ym7WeHZYUB5BddrRBHvX2:1:102815)
    at oS (https://frontend-assets.supabase.com/studio/3d4459ef984e/_next/static/chunks/b19069f5770f95c9.js?dpl=dpl_25errc1ym7WeHZYUB5BddrRBHvX2:1:97888)
    at E (https://frontend-assets.supabase.com/studio/3d4459ef984e/_next/static/chunks/b19069f5770f95c9.js?dpl=dpl_25errc1ym7WeHZYUB5BddrRBHvX2:1:1500)
    at L (https://frontend-assets.supabase.com/studio/3d4459ef984e/_next/static/chunks/b19069f5770f95c9.js?dpl=dpl_25errc1ym7WeHZYUB5BddrRBHvX2:1:2030)
[   44578ms] Uncaught Error: Minified React error #418; visit https://reactjs.org/docs/error-decoder.html?invariant=418 for the full message or use the non-minified dev environment for full errors and additional helpful warnings.
    at lg (https://frontend-assets.supabase.com/studio/3d4459ef984e/_next/static/chunks/b19069f5770f95c9.js?dpl=dpl_25errc1ym7WeHZYUB5BddrRBHvX2:1:50463)
    at i (https://frontend-assets.supabase.com/studio/3d4459ef984e/_next/static/chunks/b19069f5770f95c9.js?dpl=dpl_25errc1ym7WeHZYUB5BddrRBHvX2:1:124957)
    at oD (https://frontend-assets.supabase.com/studio/3d4459ef984e/_next/static/chunks/b19069f5770f95c9.js?dpl=dpl_25errc1ym7WeHZYUB5BddrRBHvX2:1:102945)
    at oR (https://frontend-assets.supabase.com/studio/3d4459ef984e/_next/static/chunks/b19069f5770f95c9.js?dpl=dpl_25errc1ym7WeHZYUB5BddrRBHvX2:1:102815)
    at oS (https://frontend-assets.supabase.com/studio/3d4459ef984e/_next/static/chunks/b19069f5770f95c9.js?dpl=dpl_25errc1ym7WeHZYUB5BddrRBHvX2:1:97888)
    at E (https://frontend-assets.supabase.com/studio/3d4459ef984e/_next/static/chunks/b19069f5770f95c9.js?dpl=dpl_25errc1ym7WeHZYUB5BddrRBHvX2:1:1500)
    at L (https://frontend-assets.supabase.com/studio/3d4459ef984e/_next/static/chunks/b19069f5770f95c9.js?dpl=dpl_25errc1ym7WeHZYUB5BddrRBHvX2:1:2030)
[   44578ms] Uncaught Error: Minified React error #418; visit https://reactjs.org/docs/error-decoder.html?invariant=418 for the full message or use the non-minified dev environment for full errors and additional helpful warnings.
    at lg (https://frontend-assets.supabase.com/studio/3d4459ef984e/_next/static/chunks/b19069f5770f95c9.js?dpl=dpl_25errc1ym7WeHZYUB5BddrRBHvX2:1:50463)
    at i (https://frontend-assets.supabase.com/studio/3d4459ef984e/_next/static/chunks/b19069f5770f95c9.js?dpl=dpl_25errc1ym7WeHZYUB5BddrRBHvX2:1:124957)
    at oD (https://frontend-assets.supabase.com/studio/3d4459ef984e/_next/static/chunks/b19069f5770f95c9.js?dpl=dpl_25errc1ym7WeHZYUB5BddrRBHvX2:1:102945)
    at oR (https://frontend-assets.supabase.com/studio/3d4459ef984e/_next/static/chunks/b19069f5770f95c9.js?dpl=dpl_25errc1ym7WeHZYUB5BddrRBHvX2:1:102815)
    at oS (https://frontend-assets.supabase.com/studio/3d4459ef984e/_next/static/chunks/b19069f5770f95c9.js?dpl=dpl_25errc1ym7WeHZYUB5BddrRBHvX2:1:97888)
    at E (https://frontend-assets.supabase.com/studio/3d4459ef984e/_next/static/chunks/b19069f5770f95c9.js?dpl=dpl_25errc1ym7WeHZYUB5BddrRBHvX2:1:1500)
    at L (https://frontend-assets.supabase.com/studio/3d4459ef984e/_next/static/chunks/b19069f5770f95c9.js?dpl=dpl_25errc1ym7WeHZYUB5BddrRBHvX2:1:2030)
[   44579ms] Uncaught Error: Minified React error #418; visit https://reactjs.org/docs/error-decoder.html?invariant=418 for the full message or use the non-minified dev environment for full errors and additional helpful warnings.
    at lg (https://frontend-assets.supabase.com/studio/3d4459ef984e/_next/static/chunks/b19069f5770f95c9.js?dpl=dpl_25errc1ym7WeHZYUB5BddrRBHvX2:1:50463)
    at i (https://frontend-assets.supabase.com/studio/3d4459ef984e/_next/static/chunks/b19069f5770f95c9.js?dpl=dpl_25errc1ym7WeHZYUB5BddrRBHvX2:1:124957)
    at oD (https://frontend-assets.supabase.com/studio/3d4459ef984e/_next/static/chunks/b19069f5770f95c9.js?dpl=dpl_25errc1ym7WeHZYUB5BddrRBHvX2:1:102945)
    at oR (https://frontend-assets.supabase.com/studio/3d4459ef984e/_next/static/chunks/b19069f5770f95c9.js?dpl=dpl_25errc1ym7WeHZYUB5BddrRBHvX2:1:102815)
    at oS (https://frontend-assets.supabase.com/studio/3d4459ef984e/_next/static/chunks/b19069f5770f95c9.js?dpl=dpl_25errc1ym7WeHZYUB5BddrRBHvX2:1:97888)
    at E (https://frontend-assets.supabase.com/studio/3d4459ef984e/_next/static/chunks/b19069f5770f95c9.js?dpl=dpl_25errc1ym7WeHZYUB5BddrRBHvX2:1:1500)
    at L (https://frontend-assets.supabase.com/studio/3d4459ef984e/_next/static/chunks/b19069f5770f95c9.js?dpl=dpl_25errc1ym7WeHZYUB5BddrRBHvX2:1:2030)
[   44579ms] Uncaught Error: Minified React error #418; visit https://reactjs.org/docs/error-decoder.html?invariant=418 for the full message or use the non-minified dev environment for full errors and additional helpful warnings.
    at lg (https://frontend-assets.supabase.com/studio/3d4459ef984e/_next/static/chunks/b19069f5770f95c9.js?dpl=dpl_25errc1ym7WeHZYUB5BddrRBHvX2:1:50463)
    at i (https://frontend-assets.supabase.com/studio/3d4459ef984e/_next/static/chunks/b19069f5770f95c9.js?dpl=dpl_25errc1ym7WeHZYUB5BddrRBHvX2:1:124957)
    at oD (https://frontend-assets.supabase.com/studio/3d4459ef984e/_next/static/chunks/b19069f5770f95c9.js?dpl=dpl_25errc1ym7WeHZYUB5BddrRBHvX2:1:102945)
    at oR (https://frontend-assets.supabase.com/studio/3d4459ef984e/_next/static/chunks/b19069f5770f95c9.js?dpl=dpl_25errc1ym7WeHZYUB5BddrRBHvX2:1:102815)
    at oS (https://frontend-assets.supabase.com/studio/3d4459ef984e/_next/static/chunks/b19069f5770f95c9.js?dpl=dpl_25errc1ym7WeHZYUB5BddrRBHvX2:1:97888)
    at E (https://frontend-assets.supabase.com/studio/3d4459ef984e/_next/static/chunks/b19069f5770f95c9.js?dpl=dpl_25errc1ym7WeHZYUB5BddrRBHvX2:1:1500)
    at L (https://frontend-assets.supabase.com/studio/3d4459ef984e/_next/static/chunks/b19069f5770f95c9.js?dpl=dpl_25errc1ym7WeHZYUB5BddrRBHvX2:1:2030)
[   44580ms] Uncaught Error: Minified React error #418; visit https://reactjs.org/docs/error-decoder.html?invariant=418 for the full message or use the non-minified dev environment for full errors and additional helpful warnings.
    at lg (https://frontend-assets.supabase.com/studio/3d4459ef984e/_next/static/chunks/b19069f5770f95c9.js?dpl=dpl_25errc1ym7WeHZYUB5BddrRBHvX2:1:50463)
    at i (https://frontend-assets.supabase.com/studio/3d4459ef984e/_next/static/chunks/b19069f5770f95c9.js?dpl=dpl_25errc1ym7WeHZYUB5BddrRBHvX2:1:124957)
    at oD (https://frontend-assets.supabase.com/studio/3d4459ef984e/_next/static/chunks/b19069f5770f95c9.js?dpl=dpl_25errc1ym7WeHZYUB5BddrRBHvX2:1:102945)
    at oR (https://frontend-assets.supabase.com/studio/3d4459ef984e/_next/static/chunks/b19069f5770f95c9.js?dpl=dpl_25errc1ym7WeHZYUB5BddrRBHvX2:1:102815)
    at oS (https://frontend-assets.supabase.com/studio/3d4459ef984e/_next/static/chunks/b19069f5770f95c9.js?dpl=dpl_25errc1ym7WeHZYUB5BddrRBHvX2:1:97888)
    at E (https://frontend-assets.supabase.com/studio/3d4459ef984e/_next/static/chunks/b19069f5770f95c9.js?dpl=dpl_25errc1ym7WeHZYUB5BddrRBHvX2:1:1500)
    at L (https://frontend-assets.supabase.com/studio/3d4459ef984e/_next/static/chunks/b19069f5770f95c9.js?dpl=dpl_25errc1ym7WeHZYUB5BddrRBHvX2:1:2030)
[   44580ms] Uncaught Error: Minified React error #418; visit https://reactjs.org/docs/error-decoder.html?invariant=418 for the full message or use the non-minified dev environment for full errors and additional helpful warnings.
    at lg (https://frontend-assets.supabase.com/studio/3d4459ef984e/_next/static/chunks/b19069f5770f95c9.js?dpl=dpl_25errc1ym7WeHZYUB5BddrRBHvX2:1:50463)
    at i (https://frontend-assets.supabase.com/studio/3d4459ef984e/_next/static/chunks/b19069f5770f95c9.js?dpl=dpl_25errc1ym7WeHZYUB5BddrRBHvX2:1:124957)
    at oD (https://frontend-assets.supabase.com/studio/3d4459ef984e/_next/static/chunks/b19069f5770f95c9.js?dpl=dpl_25errc1ym7WeHZYUB5BddrRBHvX2:1:102945)
    at oR (https://frontend-assets.supabase.com/studio/3d4459ef984e/_next/static/chunks/b19069f5770f95c9.js?dpl=dpl_25errc1ym7WeHZYUB5BddrRBHvX2:1:102815)
    at oS (https://frontend-assets.supabase.com/studio/3d4459ef984e/_next/static/chunks/b19069f5770f95c9.js?dpl=dpl_25errc1ym7WeHZYUB5BddrRBHvX2:1:97888)
    at E (https://frontend-assets.supabase.com/studio/3d4459ef984e/_next/static/chunks/b19069f5770f95c9.js?dpl=dpl_25errc1ym7WeHZYUB5BddrRBHvX2:1:1500)
    at L (https://frontend-assets.supabase.com/studio/3d4459ef984e/_next/static/chunks/b19069f5770f95c9.js?dpl=dpl_25errc1ym7WeHZYUB5BddrRBHvX2:1:2030)
[   44580ms] Uncaught Error: Minified React error #418; visit https://reactjs.org/docs/error-decoder.html?invariant=418 for the full message or use the non-minified dev environment for full errors and additional helpful warnings.
    at lg (https://frontend-assets.supabase.com/studio/3d4459ef984e/_next/static/chunks/b19069f5770f95c9.js?dpl=dpl_25errc1ym7WeHZYUB5BddrRBHvX2:1:50463)
    at i (https://frontend-assets.supabase.com/studio/3d4459ef984e/_next/static/chunks/b19069f5770f95c9.js?dpl=dpl_25errc1ym7WeHZYUB5BddrRBHvX2:1:124957)
    at oD (https://frontend-assets.supabase.com/studio/3d4459ef984e/_next/static/chunks/b19069f5770f95c9.js?dpl=dpl_25errc1ym7WeHZYUB5BddrRBHvX2:1:102945)
    at oR (https://frontend-assets.supabase.com/studio/3d4459ef984e/_next/static/chunks/b19069f5770f95c9.js?dpl=dpl_25errc1ym7WeHZYUB5BddrRBHvX2:1:102815)
    at oS (https://frontend-assets.supabase.com/studio/3d4459ef984e/_next/static/chunks/b19069f5770f95c9.js?dpl=dpl_25errc1ym7WeHZYUB5BddrRBHvX2:1:97888)
    at E (https://frontend-assets.supabase.com/studio/3d4459ef984e/_next/static/chunks/b19069f5770f95c9.js?dpl=dpl_25errc1ym7WeHZYUB5BddrRBHvX2:1:1500)
    at L (https://frontend-assets.supabase.com/studio/3d4459ef984e/_next/static/chunks/b19069f5770f95c9.js?dpl=dpl_25errc1ym7WeHZYUB5BddrRBHvX2:1:2030)
[   44581ms] Uncaught Error: Minified React error #418; visit https://reactjs.org/docs/error-decoder.html?invariant=418 for the full message or use the non-minified dev environment for full errors and additional helpful warnings.
    at lg (https://frontend-assets.supabase.com/studio/3d4459ef984e/_next/static/chunks/b19069f5770f95c9.js?dpl=dpl_25errc1ym7WeHZYUB5BddrRBHvX2:1:50463)
    at i (https://frontend-assets.supabase.com/studio/3d4459ef984e/_next/static/chunks/b19069f5770f95c9.js?dpl=dpl_25errc1ym7WeHZYUB5BddrRBHvX2:1:124957)
    at oD (https://frontend-assets.supabase.com/studio/3d4459ef984e/_next/static/chunks/b19069f5770f95c9.js?dpl=dpl_25errc1ym7WeHZYUB5BddrRBHvX2:1:102945)
    at oR (https://frontend-assets.supabase.com/studio/3d4459ef984e/_next/static/chunks/b19069f5770f95c9.js?dpl=dpl_25errc1ym7WeHZYUB5BddrRBHvX2:1:102815)
    at oS (https://frontend-assets.supabase.com/studio/3d4459ef984e/_next/static/chunks/b19069f5770f95c9.js?dpl=dpl_25errc1ym7WeHZYUB5BddrRBHvX2:1:97888)
    at E (https://frontend-assets.supabase.com/studio/3d4459ef984e/_next/static/chunks/b19069f5770f95c9.js?dpl=dpl_25errc1ym7WeHZYUB5BddrRBHvX2:1:1500)
    at L (https://frontend-assets.supabase.com/studio/3d4459ef984e/_next/static/chunks/b19069f5770f95c9.js?dpl=dpl_25errc1ym7WeHZYUB5BddrRBHvX2:1:2030)
[   44581ms] Uncaught Error: Minified React error #423; visit https://reactjs.org/docs/error-decoder.html?invariant=423 for the full message or use the non-minified dev environment for full errors and additional helpful warnings.
    at i (https://frontend-assets.supabase.com/studio/3d4459ef984e/_next/static/chunks/b19069f5770f95c9.js?dpl=dpl_25errc1ym7WeHZYUB5BddrRBHvX2:1:124616)
    at oD (https://frontend-assets.supabase.com/studio/3d4459ef984e/_next/static/chunks/b19069f5770f95c9.js?dpl=dpl_25errc1ym7WeHZYUB5BddrRBHvX2:1:102945)
    at oR (https://frontend-assets.supabase.com/studio/3d4459ef984e/_next/static/chunks/b19069f5770f95c9.js?dpl=dpl_25errc1ym7WeHZYUB5BddrRBHvX2:1:102815)
    at ox (https://frontend-assets.supabase.com/studio/3d4459ef984e/_next/static/chunks/b19069f5770f95c9.js?dpl=dpl_25errc1ym7WeHZYUB5BddrRBHvX2:1:99586)
    at oS (https://frontend-assets.supabase.com/studio/3d4459ef984e/_next/static/chunks/b19069f5770f95c9.js?dpl=dpl_25errc1ym7WeHZYUB5BddrRBHvX2:1:98141)
    at E (https://frontend-assets.supabase.com/studio/3d4459ef984e/_next/static/chunks/b19069f5770f95c9.js?dpl=dpl_25errc1ym7WeHZYUB5BddrRBHvX2:1:1500)
    at L (https://frontend-assets.supabase.com/studio/3d4459ef984e/_next/static/chunks/b19069f5770f95c9.js?dpl=dpl_25errc1ym7WeHZYUB5BddrRBHvX2:1:2030)
[   98106ms] Uncaught Error: Minified React error #425; visit https://reactjs.org/docs/error-decoder.html?invariant=425 for the full message or use the non-minified dev environment for full errors and additional helpful warnings.
    at rh (https://frontend-assets.supabase.com/studio/3d4459ef984e/_next/static/chunks/b19069f5770f95c9.js?dpl=dpl_25errc1ym7WeHZYUB5BddrRBHvX2:1:44173)
    at <anonymous> (https://frontend-assets.supabase.com/studio/3d4459ef984e/_next/static/chunks/b19069f5770f95c9.js?dpl=dpl_25errc1ym7WeHZYUB5BddrRBHvX2:1:104546)
    at oO (https://frontend-assets.supabase.com/studio/3d4459ef984e/_next/static/chunks/b19069f5770f95c9.js?dpl=dpl_25errc1ym7WeHZYUB5BddrRBHvX2:1:110054)
    at oD (https://frontend-assets.supabase.com/studio/3d4459ef984e/_next/static/chunks/b19069f5770f95c9.js?dpl=dpl_25errc1ym7WeHZYUB5BddrRBHvX2:1:103005)
    at oR (https://frontend-assets.supabase.com/studio/3d4459ef984e/_next/static/chunks/b19069f5770f95c9.js?dpl=dpl_25errc1ym7WeHZYUB5BddrRBHvX2:1:102815)
    at oS (https://frontend-assets.supabase.com/studio/3d4459ef984e/_next/static/chunks/b19069f5770f95c9.js?dpl=dpl_25errc1ym7WeHZYUB5BddrRBHvX2:1:97888)
    at E (https://frontend-assets.supabase.com/studio/3d4459ef984e/_next/static/chunks/b19069f5770f95c9.js?dpl=dpl_25errc1ym7WeHZYUB5BddrRBHvX2:1:1500)
    at L (https://frontend-assets.supabase.com/studio/3d4459ef984e/_next/static/chunks/b19069f5770f95c9.js?dpl=dpl_25errc1ym7WeHZYUB5BddrRBHvX2:1:2030)
[   98106ms] Uncaught Error: Minified React error #418; visit https://reactjs.org/docs/error-decoder.html?invariant=418 for the full message or use the non-minified dev environment for full errors and additional helpful warnings.
    at lg (https://frontend-assets.supabase.com/studio/3d4459ef984e/_next/static/chunks/b19069f5770f95c9.js?dpl=dpl_25errc1ym7WeHZYUB5BddrRBHvX2:1:50463)
    at i (https://frontend-assets.supabase.com/studio/3d4459ef984e/_next/static/chunks/b19069f5770f95c9.js?dpl=dpl_25errc1ym7WeHZYUB5BddrRBHvX2:1:124957)
    at oD (https://frontend-assets.supabase.com/studio/3d4459ef984e/_next/static/chunks/b19069f5770f95c9.js?dpl=dpl_25errc1ym7WeHZYUB5BddrRBHvX2:1:102945)
    at oR (https://frontend-assets.supabase.com/studio/3d4459ef984e/_next/static/chunks/b19069f5770f95c9.js?dpl=dpl_25errc1ym7WeHZYUB5BddrRBHvX2:1:102815)
    at oS (https://frontend-assets.supabase.com/studio/3d4459ef984e/_next/static/chunks/b19069f5770f95c9.js?dpl=dpl_25errc1ym7WeHZYUB5BddrRBHvX2:1:97888)
    at E (https://frontend-assets.supabase.com/studio/3d4459ef984e/_next/static/chunks/b19069f5770f95c9.js?dpl=dpl_25errc1ym7WeHZYUB5BddrRBHvX2:1:1500)
    at L (https://frontend-assets.supabase.com/studio/3d4459ef984e/_next/static/chunks/b19069f5770f95c9.js?dpl=dpl_25errc1ym7WeHZYUB5BddrRBHvX2:1:2030)
[   98107ms] Uncaught Error: Minified React error #418; visit https://reactjs.org/docs/error-decoder.html?invariant=418 for the full message or use the non-minified dev environment for full errors and additional helpful warnings.
    at lg (https://frontend-assets.supabase.com/studio/3d4459ef984e/_next/static/chunks/b19069f5770f95c9.js?dpl=dpl_25errc1ym7WeHZYUB5BddrRBHvX2:1:50463)
    at i (https://frontend-assets.supabase.com/studio/3d4459ef984e/_next/static/chunks/b19069f5770f95c9.js?dpl=dpl_25errc1ym7WeHZYUB5BddrRBHvX2:1:124957)
    at oD (https://frontend-assets.supabase.com/studio/3d4459ef984e/_next/static/chunks/b19069f5770f95c9.js?dpl=dpl_25errc1ym7WeHZYUB5BddrRBHvX2:1:102945)
    at oR (https://frontend-assets.supabase.com/studio/3d4459ef984e/_next/static/chunks/b19069f5770f95c9.js?dpl=dpl_25errc1ym7WeHZYUB5BddrRBHvX2:1:102815)
    at oS (https://frontend-assets.supabase.com/studio/3d4459ef984e/_next/static/chunks/b19069f5770f95c9.js?dpl=dpl_25errc1ym7WeHZYUB5BddrRBHvX2:1:97888)
    at E (https://frontend-assets.supabase.com/studio/3d4459ef984e/_next/static/chunks/b19069f5770f95c9.js?dpl=dpl_25errc1ym7WeHZYUB5BddrRBHvX2:1:1500)
    at L (https://frontend-assets.supabase.com/studio/3d4459ef984e/_next/static/chunks/b19069f5770f95c9.js?dpl=dpl_25errc1ym7WeHZYUB5BddrRBHvX2:1:2030)
[   98107ms] Uncaught Error: Minified React error #418; visit https://reactjs.org/docs/error-decoder.html?invariant=418 for the full message or use the non-minified dev environment for full errors and additional helpful warnings.
    at lg (https://frontend-assets.supabase.com/studio/3d4459ef984e/_next/static/chunks/b19069f5770f95c9.js?dpl=dpl_25errc1ym7WeHZYUB5BddrRBHvX2:1:50463)
    at i (https://frontend-assets.supabase.com/studio/3d4459ef984e/_next/static/chunks/b19069f5770f95c9.js?dpl=dpl_25errc1ym7WeHZYUB5BddrRBHvX2:1:124957)
    at oD (https://frontend-assets.supabase.com/studio/3d4459ef984e/_next/static/chunks/b19069f5770f95c9.js?dpl=dpl_25errc1ym7WeHZYUB5BddrRBHvX2:1:102945)
    at oR (https://frontend-assets.supabase.com/studio/3d4459ef984e/_next/static/chunks/b19069f5770f95c9.js?dpl=dpl_25errc1ym7WeHZYUB5BddrRBHvX2:1:102815)
    at oS (https://frontend-assets.supabase.com/studio/3d4459ef984e/_next/static/chunks/b19069f5770f95c9.js?dpl=dpl_25errc1ym7WeHZYUB5BddrRBHvX2:1:97888)
    at E (https://frontend-assets.supabase.com/studio/3d4459ef984e/_next/static/chunks/b19069f5770f95c9.js?dpl=dpl_25errc1ym7WeHZYUB5BddrRBHvX2:1:1500)
    at L (https://frontend-assets.supabase.com/studio/3d4459ef984e/_next/static/chunks/b19069f5770f95c9.js?dpl=dpl_25errc1ym7WeHZYUB5BddrRBHvX2:1:2030)
[   98107ms] Uncaught Error: Minified React error #418; visit https://reactjs.org/docs/error-decoder.html?invariant=418 for the full message or use the non-minified dev environment for full errors and additional helpful warnings.
    at lg (https://frontend-assets.supabase.com/studio/3d4459ef984e/_next/static/chunks/b19069f5770f95c9.js?dpl=dpl_25errc1ym7WeHZYUB5BddrRBHvX2:1:50463)
    at i (https://frontend-assets.supabase.com/studio/3d4459ef984e/_next/static/chunks/b19069f5770f95c9.js?dpl=dpl_25errc1ym7WeHZYUB5BddrRBHvX2:1:124957)
    at oD (https://frontend-assets.supabase.com/studio/3d4459ef984e/_next/static/chunks/b19069f5770f95c9.js?dpl=dpl_25errc1ym7WeHZYUB5BddrRBHvX2:1:102945)
    at oR (https://frontend-assets.supabase.com/studio/3d4459ef984e/_next/static/chunks/b19069f5770f95c9.js?dpl=dpl_25errc1ym7WeHZYUB5BddrRBHvX2:1:102815)
    at oS (https://frontend-assets.supabase.com/studio/3d4459ef984e/_next/static/chunks/b19069f5770f95c9.js?dpl=dpl_25errc1ym7WeHZYUB5BddrRBHvX2:1:97888)
    at E (https://frontend-assets.supabase.com/studio/3d4459ef984e/_next/static/chunks/b19069f5770f95c9.js?dpl=dpl_25errc1ym7WeHZYUB5BddrRBHvX2:1:1500)
    at L (https://frontend-assets.supabase.com/studio/3d4459ef984e/_next/static/chunks/b19069f5770f95c9.js?dpl=dpl_25errc1ym7WeHZYUB5BddrRBHvX2:1:2030)
[   98108ms] Uncaught Error: Minified React error #418; visit https://reactjs.org/docs/error-decoder.html?invariant=418 for the full message or use the non-minified dev environment for full errors and additional helpful warnings.
    at lg (https://frontend-assets.supabase.com/studio/3d4459ef984e/_next/static/chunks/b19069f5770f95c9.js?dpl=dpl_25errc1ym7WeHZYUB5BddrRBHvX2:1:50463)
    at i (https://frontend-assets.supabase.com/studio/3d4459ef984e/_next/static/chunks/b19069f5770f95c9.js?dpl=dpl_25errc1ym7WeHZYUB5BddrRBHvX2:1:124957)
    at oD (https://frontend-assets.supabase.com/studio/3d4459ef984e/_next/static/chunks/b19069f5770f95c9.js?dpl=dpl_25errc1ym7WeHZYUB5BddrRBHvX2:1:102945)
    at oR (https://frontend-assets.supabase.com/studio/3d4459ef984e/_next/static/chunks/b19069f5770f95c9.js?dpl=dpl_25errc1ym7WeHZYUB5BddrRBHvX2:1:102815)
    at oS (https://frontend-assets.supabase.com/studio/3d4459ef984e/_next/static/chunks/b19069f5770f95c9.js?dpl=dpl_25errc1ym7WeHZYUB5BddrRBHvX2:1:97888)
    at E (https://frontend-assets.supabase.com/studio/3d4459ef984e/_next/static/chunks/b19069f5770f95c9.js?dpl=dpl_25errc1ym7WeHZYUB5BddrRBHvX2:1:1500)
    at L (https://frontend-assets.supabase.com/studio/3d4459ef984e/_next/static/chunks/b19069f5770f95c9.js?dpl=dpl_25errc1ym7WeHZYUB5BddrRBHvX2:1:2030)
[   98108ms] Uncaught Error: Minified React error #418; visit https://reactjs.org/docs/error-decoder.html?invariant=418 for the full message or use the non-minified dev environment for full errors and additional helpful warnings.
    at lg (https://frontend-assets.supabase.com/studio/3d4459ef984e/_next/static/chunks/b19069f5770f95c9.js?dpl=dpl_25errc1ym7WeHZYUB5BddrRBHvX2:1:50463)
    at i (https://frontend-assets.supabase.com/studio/3d4459ef984e/_next/static/chunks/b19069f5770f95c9.js?dpl=dpl_25errc1ym7WeHZYUB5BddrRBHvX2:1:124957)
    at oD (https://frontend-assets.supabase.com/studio/3d4459ef984e/_next/static/chunks/b19069f5770f95c9.js?dpl=dpl_25errc1ym7WeHZYUB5BddrRBHvX2:1:102945)
    at oR (https://frontend-assets.supabase.com/studio/3d4459ef984e/_next/static/chunks/b19069f5770f95c9.js?dpl=dpl_25errc1ym7WeHZYUB5BddrRBHvX2:1:102815)
    at oS (https://frontend-assets.supabase.com/studio/3d4459ef984e/_next/static/chunks/b19069f5770f95c9.js?dpl=dpl_25errc1ym7WeHZYUB5BddrRBHvX2:1:97888)
    at E (https://frontend-assets.supabase.com/studio/3d4459ef984e/_next/static/chunks/b19069f5770f95c9.js?dpl=dpl_25errc1ym7WeHZYUB5BddrRBHvX2:1:1500)
    at L (https://frontend-assets.supabase.com/studio/3d4459ef984e/_next/static/chunks/b19069f5770f95c9.js?dpl=dpl_25errc1ym7WeHZYUB5BddrRBHvX2:1:2030)
[   98108ms] Uncaught Error: Minified React error #418; visit https://reactjs.org/docs/error-decoder.html?invariant=418 for the full message or use the non-minified dev environment for full errors and additional helpful warnings.
    at lg (https://frontend-assets.supabase.com/studio/3d4459ef984e/_next/static/chunks/b19069f5770f95c9.js?dpl=dpl_25errc1ym7WeHZYUB5BddrRBHvX2:1:50463)
    at i (https://frontend-assets.supabase.com/studio/3d4459ef984e/_next/static/chunks/b19069f5770f95c9.js?dpl=dpl_25errc1ym7WeHZYUB5BddrRBHvX2:1:124957)
    at oD (https://frontend-assets.supabase.com/studio/3d4459ef984e/_next/static/chunks/b19069f5770f95c9.js?dpl=dpl_25errc1ym7WeHZYUB5BddrRBHvX2:1:102945)
    at oR (https://frontend-assets.supabase.com/studio/3d4459ef984e/_next/static/chunks/b19069f5770f95c9.js?dpl=dpl_25errc1ym7WeHZYUB5BddrRBHvX2:1:102815)
    at oS (https://frontend-assets.supabase.com/studio/3d4459ef984e/_next/static/chunks/b19069f5770f95c9.js?dpl=dpl_25errc1ym7WeHZYUB5BddrRBHvX2:1:97888)
    at E (https://frontend-assets.supabase.com/studio/3d4459ef984e/_next/static/chunks/b19069f5770f95c9.js?dpl=dpl_25errc1ym7WeHZYUB5BddrRBHvX2:1:1500)
    at L (https://frontend-assets.supabase.com/studio/3d4459ef984e/_next/static/chunks/b19069f5770f95c9.js?dpl=dpl_25errc1ym7WeHZYUB5BddrRBHvX2:1:2030)
[   98108ms] Uncaught Error: Minified React error #418; visit https://reactjs.org/docs/error-decoder.html?invariant=418 for the full message or use the non-minified dev environment for full errors and additional helpful warnings.
    at lg (https://frontend-assets.supabase.com/studio/3d4459ef984e/_next/static/chunks/b19069f5770f95c9.js?dpl=dpl_25errc1ym7WeHZYUB5BddrRBHvX2:1:50463)
    at i (https://frontend-assets.supabase.com/studio/3d4459ef984e/_next/static/chunks/b19069f5770f95c9.js?dpl=dpl_25errc1ym7WeHZYUB5BddrRBHvX2:1:124957)
    at oD (https://frontend-assets.supabase.com/studio/3d4459ef984e/_next/static/chunks/b19069f5770f95c9.js?dpl=dpl_25errc1ym7WeHZYUB5BddrRBHvX2:1:102945)
    at oR (https://frontend-assets.supabase.com/studio/3d4459ef984e/_next/static/chunks/b19069f5770f95c9.js?dpl=dpl_25errc1ym7WeHZYUB5BddrRBHvX2:1:102815)
    at oS (https://frontend-assets.supabase.com/studio/3d4459ef984e/_next/static/chunks/b19069f5770f95c9.js?dpl=dpl_25errc1ym7WeHZYUB5BddrRBHvX2:1:97888)
    at E (https://frontend-assets.supabase.com/studio/3d4459ef984e/_next/static/chunks/b19069f5770f95c9.js?dpl=dpl_25errc1ym7WeHZYUB5BddrRBHvX2:1:1500)
    at L (https://frontend-assets.supabase.com/studio/3d4459ef984e/_next/static/chunks/b19069f5770f95c9.js?dpl=dpl_25errc1ym7WeHZYUB5BddrRBHvX2:1:2030)
[   98109ms] Uncaught Error: Minified React error #423; visit https://reactjs.org/docs/error-decoder.html?invariant=423 for the full message or use the non-minified dev environment for full errors and additional helpful warnings.
    at i (https://frontend-assets.supabase.com/studio/3d4459ef984e/_next/static/chunks/b19069f5770f95c9.js?dpl=dpl_25errc1ym7WeHZYUB5BddrRBHvX2:1:124616)
    at oD (https://frontend-assets.supabase.com/studio/3d4459ef984e/_next/static/chunks/b19069f5770f95c9.js?dpl=dpl_25errc1ym7WeHZYUB5BddrRBHvX2:1:102945)
    at oR (https://frontend-assets.supabase.com/studio/3d4459ef984e/_next/static/chunks/b19069f5770f95c9.js?dpl=dpl_25errc1ym7WeHZYUB5BddrRBHvX2:1:102815)
    at ox (https://frontend-assets.supabase.com/studio/3d4459ef984e/_next/static/chunks/b19069f5770f95c9.js?dpl=dpl_25errc1ym7WeHZYUB5BddrRBHvX2:1:99586)
    at oS (https://frontend-assets.supabase.com/studio/3d4459ef984e/_next/static/chunks/b19069f5770f95c9.js?dpl=dpl_25errc1ym7WeHZYUB5BddrRBHvX2:1:98141)
    at E (https://frontend-assets.supabase.com/studio/3d4459ef984e/_next/static/chunks/b19069f5770f95c9.js?dpl=dpl_25errc1ym7WeHZYUB5BddrRBHvX2:1:1500)
    at L (https://frontend-assets.supabase.com/studio/3d4459ef984e/_next/static/chunks/b19069f5770f95c9.js?dpl=dpl_25errc1ym7WeHZYUB5BddrRBHvX2:1:2030)
